Arguments: 
  C:\Program Files\nodejs\node.exe C:\Users\Funstrike\AppData\Roaming\npm\node_modules\yarn\bin\yarn.js install

PATH: 
  C:\Program Files\Alacritty\;C:\WINDOWS\system32;C:\WINDOWS;C:\WINDOWS\System32\Wbem;C:\WINDOWS\System32\WindowsPowerShell\v1.0\;C:\WINDOWS\System32\OpenSSH\;C:\Program Files\nodejs\;C:\Program Files\Git\cmd;C:\Program Files\dotnet\;C:\Users\Funstrike\AppData\Local\Microsoft\WindowsApps;;C:\Users\Funstrike\AppData\Local\Programs\Microsoft VS Code\bin;C:\Users\Funstrike\AppData\Roaming\npm;C:\Program Files\heroku\bin;C:\Users\Funstrike\AppData\Local\Microsoft\WinGet\Links;

Yarn version: 
  1.22.19

Node version: 
  16.17.0

Platform: 
  win32 x64

Trace: 
  Error: https://registry.yarnpkg.com/mongoose/-/mongoose-5.13.15.tgz: Request failed "502 Bad Gateway"
      at ResponseError.ExtendableBuiltin (C:\Users\Funstrike\AppData\Roaming\npm\node_modules\yarn\lib\cli.js:696:66)
      at new ResponseError (C:\Users\Funstrike\AppData\Roaming\npm\node_modules\yarn\lib\cli.js:802:124)
      at Request.<anonymous> (C:\Users\Funstrike\AppData\Roaming\npm\node_modules\yarn\lib\cli.js:66215:16)
      at Request.emit (node:events:513:28)
      at Request.module.exports.Request.onRequestResponse (C:\Users\Funstrike\AppData\Roaming\npm\node_modules\yarn\lib\cli.js:141767:10)
      at ClientRequest.emit (node:events:513:28)
      at HTTPParser.parserOnIncomingClient (node:_http_client:674:27)
      at HTTPParser.parserOnHeadersComplete (node:_http_common:128:17)
      at TLSSocket.socketOnData (node:_http_client:521:22)
      at TLSSocket.emit (node:events:513:28)

npm manifest: 
  {
    "name": "express-session-authenticator-starter",
    "version": "1.0.0",
    "description": "A tutorial on session based user authentication using Passport JS",
    "main": "app.js",
    "scripts": {
      "test": "echo \"Error: no test specified\" && exit 1"
    },
    "keywords": [],
    "author": "",
    "license": "ISC",
    "dependencies": {
      "connect-mongo": "^3.1.2",
      "dotenv": "^8.2.0",
      "express": "^4.17.1",
      "express-session": "^1.17.0",
      "mongoose": "^5.7.12",
      "passport": "^0.4.0",
      "passport-local": "^1.0.0"
    }
  }

yarn manifest: 
  No manifest

Lockfile: 
  No lockfile
